<?xml version="1.0" encoding="UTF-8"?>
<testsuite name="LibroTest" tests="6" skipped="0" failures="0" errors="0" timestamp="2025-03-06T23:54:08" hostname="DESKTOP-I6GDISL" time="0.029">
  <properties/>
  <testcase name="setAnioPublicacion()" classname="LibroTest" time="0.014"/>
  <testcase name="setTitulo()" classname="LibroTest" time="0.001"/>
  <testcase name="getTitulo()" classname="LibroTest" time="0.006"/>
  <testcase name="getAnioPublicacion()" classname="LibroTest" time="0.002"/>
  <testcase name="setAutor()" classname="LibroTest" time="0.001"/>
  <testcase name="getAutor()" classname="LibroTest" time="0.001"/>
  <system-out><![CDATA[]]></system-out>
  <system-err><![CDATA[]]></system-err>
</testsuite>
